#
# A fatal error has been detected by the Java Runtime Environment:
#
#  EXCEPTION_ACCESS_VIOLATION (0xc0000005) at pc=0x00007ffa47d95c77, pid=14792, tid=8296
#
# JRE version: OpenJDK Runtime Environment JBR-11.0.11.9-1504.13-jcef (11.0.11+9) (build 11.0.11+9-b1504.13)
# Java VM: OpenJDK 64-Bit Server VM JBR-11.0.11.9-1504.13-jcef (11.0.11+9-b1504.13, mixed mode, tiered, compressed oops, g1 gc, windows-amd64)
# Problematic frame:
# C  [KERNEL32.DLL+0x15c77]
#
# No core dump will be written. Minidumps are not enabled by default on client versions of Windows
#
# If you would like to submit a bug report, please visit:
#   https://bugreport.java.com/bugreport/crash.jsp
#

---------------  S U M M A R Y ------------

Command Line: -Djava.rmi.server.hostname=127.0.0.1 -Duser.timezone=UTC -Xmx2031m -Xms128m -Dfile.encoding=UTF-8 com.intellij.database.remote.RemoteJdbcServer org.sqlite.JDBC

Host: AMD Ryzen 7 4800H with Radeon Graphics         , 16 cores, 15G,  Windows 10 , 64 bit Build 19041 (10.0.19041.1023)
Time: Fri Aug 13 00:23:16 2021 Финляндия (лето) elapsed time: 13120.888675 seconds (0d 3h 38m 40s)

---------------  T H R E A D  ---------------

Current thread (0x000001e7ef1a0000):  WatcherThread [stack: 0x0000003e37d00000,0x0000003e37e00000] [id=8296]

Stack: [0x0000003e37d00000,0x0000003e37e00000],  sp=0x0000003e37dff660,  free space=1021k
Native frames: (J=compiled Java code, j=interpreted, Vv=VM code, C=native code)
C  [KERNEL32.DLL+0x15c77]
V  [jvm.dll+0x7416ad]
V  [jvm.dll+0x740e9e]
V  [jvm.dll+0x73a415]
V  [jvm.dll+0x5f4c66]
C  [ucrtbase.dll+0x21bb2]
C  [KERNEL32.DLL+0x17034]
C  [ntdll.dll+0x52651]


siginfo: EXCEPTION_ACCESS_VIOLATION (0xc0000005), writing address 0x000001cb3babbdf5


Register to memory mapping:

RIP=0x00007ffa47d95c77 KERNEL32.DLL
RAX=0x0afdb29a9f78a933 is an unknown value
RBX=0x0000003e37dff6c0 points into unknown readable memory: 0x0000025cef775978 | 78 59 77 ef 5c 02 00 00
RCX=0x0 is NULL
RDX=0x00000091b3d51f5d is an unknown value
RSP=0x0000003e37dff660 points into unknown readable memory: 0x0000000000000000 | 00 00 00 00 00 00 00 00
RBP=0x0 is NULL
RSI=0x000001e7ef1a0000 points into unknown readable memory: 0x00007ff9fd20d3b0 | b0 d3 20 fd f9 7f 00 00
RDI=0x0000000000000032 is an unknown value
R8 =0x0000000000000083 is an unknown value
R9 =0x000000007ffe7000 points into unknown readable memory: 0x00000000546c6148 | 48 61 6c 54 00 00 00 00
R10=0x00000000546c6148 is an unknown value
R11=0x000001cb3babbe1d is an unknown value
R12=0x0000000000000002 is an unknown value
R13=0x000001e7ef13e220 points into unknown readable memory: 0x0000000000000000 | 00 00 00 00 00 00 00 00
R14=0x0000000000000001 is an unknown value
R15=0x0000ec4d8a9ef2e0 is an unknown value


Registers:
RAX=0x0afdb29a9f78a933, RBX=0x0000003e37dff6c0, RCX=0x0000000000000000, RDX=0x00000091b3d51f5d
RSP=0x0000003e37dff660, RBP=0x0000000000000000, RSI=0x000001e7ef1a0000, RDI=0x0000000000000032
R8 =0x0000000000000083, R9 =0x000000007ffe7000, R10=0x00000000546c6148, R11=0x000001cb3babbe1d
R12=0x0000000000000002, R13=0x000001e7ef13e220, R14=0x0000000000000001, R15=0x0000ec4d8a9ef2e0
RIP=0x00007ffa47d95c77, EFLAGS=0x0000000000010a03

Top of Stack: (sp=0x0000003e37dff660)
0x0000003e37dff660:   0000000000000000 0000000000000032
0x0000003e37dff670:   000001e7d2fa5a10 00007ff9fcef783b
0x0000003e37dff680:   0000000000000032 00007ff9fcf21b9f
0x0000003e37dff690:   431bde82d7b634db 0000000000000001
0x0000003e37dff6a0:   0000ec4d8a9ef2e0 000001e7ef1a0000
0x0000003e37dff6b0:   0000000000000032 00007ff9fd0716ad
0x0000003e37dff6c0:   0000025cef775978 00007ff9fcef6d17
0x0000003e37dff6d0:   431bde82d7b634db 000001e7ef1a0000
0x0000003e37dff6e0:   0000000000000000 000001e7ef1a0000
0x0000003e37dff6f0:   0000000000000000 0000000000000000
0x0000003e37dff700:   000000000000003e 00007ff9fd070e9e
0x0000003e37dff710:   0000003e37dff7e0 000001e7d2fa5a10
0x0000003e37dff720:   0000000000000000 000001e7ef1a0000
0x0000003e37dff730:   000001e7ef1a0000 0000000000000000
0x0000003e37dff740:   0000000000000000 0000000000000030
0x0000003e37dff750:   0000003e37dff000 0000003e37d00000 

Instructions: (pc=0x00007ffa47d95c77)
0x00007ffa47d95b77:   00 48 83 c4 20 5b c3 cc cc cc cc cc cc cc cc cc
0x00007ffa47d95b87:   cc cc cc cc cc cc cc cc cc 48 ff 25 19 c0 06 00
0x00007ffa47d95b97:   cc cc cc cc cc cc cc cc cc cc cc cc cc cc cc cc
0x00007ffa47d95ba7:   cc cc cc cc cc cc cc cc cc 48 ff 25 11 b8 06 00
0x00007ffa47d95bb7:   cc cc cc cc cc cc cc cc cc cc cc cc cc cc cc cc
0x00007ffa47d95bc7:   cc cc cc cc cc cc cc cc cc 48 ff 25 f9 bc 06 00
0x00007ffa47d95bd7:   cc cc cc cc cc cc cc cc cc cc cc cc cc cc cc cc
0x00007ffa47d95be7:   cc cc cc cc cc cc cc cc cc 48 ff 25 99 b3 06 00
0x00007ffa47d95bf7:   cc cc cc cc cc cc cc cc cc cc cc cc cc cc cc cc
0x00007ffa47d95c07:   cc cc cc cc cc cc cc cc cc 48 ff 25 31 c1 06 00
0x00007ffa47d95c17:   cc cc cc cc cc cc cc cc cc cc cc cc cc cc cc cc
0x00007ffa47d95c27:   cc cc cc cc cc cc cc cc cc 48 ff 25 41 c0 06 00
0x00007ffa47d95c37:   cc cc cc cc cc cc cc cc cc cc cc cc cc cc cc cc
0x00007ffa47d95c47:   cc cc cc cc cc cc cc cc cc 4c 8b dc 48 83 ec 58
0x00007ffa47d95c57:   48 8b 84 24 a0 00 00 00 49 89 43 e8 48 8b 84 24
0x00007ffa47d95c67:   98 00 00 00 49 89 43 e0 48 8b 84 24 90 00 00 00
0x00007ffa47d95c77:   49 89 43 d8 8b 84 24 88 00 00 00 89 44 24 28 48
0x00007ffa47d95c87:   8b 84 24 80 00 00 00 49 89 43 c8 48 ff 15 17 c4
0x00007ffa47d95c97:   06 00 0f 1f 44 00 00 48 83 c4 58 c3 cc cc cc cc
0x00007ffa47d95ca7:   cc cc cc cc cc cc cc cc cc 48 ff 25 f9 ce 06 00
0x00007ffa47d95cb7:   cc cc cc cc cc cc cc cc cc cc cc cc cc cc cc cc
0x00007ffa47d95cc7:   cc cc cc cc cc cc cc cc cc 4c 8b dc 48 83 ec 58
0x00007ffa47d95cd7:   48 8b 84 24 a0 00 00 00 49 89 43 e8 48 8b 84 24
0x00007ffa47d95ce7:   98 00 00 00 49 89 43 e0 48 8b 84 24 90 00 00 00
0x00007ffa47d95cf7:   49 89 43 d8 8b 84 24 88 00 00 00 89 44 24 28 48
0x00007ffa47d95d07:   8b 84 24 80 00 00 00 49 89 43 c8 48 ff 15 97 b8
0x00007ffa47d95d17:   06 00 0f 1f 44 00 00 48 83 c4 58 c3 cc cc cc cc
0x00007ffa47d95d27:   cc cc cc cc cc cc cc cc cc 8b 0c 25 04 00 fe 7f
0x00007ffa47d95d37:   b8 20 03 fe 7f 48 c1 e1 20 48 8b 00 48 c1 e0 08
0x00007ffa47d95d47:   48 f7 e1 48 8b c2 c3 cc cc cc cc cc cc cc cc cc
0x00007ffa47d95d57:   cc cc cc cc cc cc cc cc cc 48 89 5c 24 08 48 89
0x00007ffa47d95d67:   74 24 10 57 48 83 ec 30 65 48 8b 04 25 60 00 00 


Stack slot to memory mapping:
stack at sp + 0 slots: 0x0 is NULL
stack at sp + 1 slots: 0x0000000000000032 is an unknown value
stack at sp + 2 slots: 0x000001e7d2fa5a10 points into unknown readable memory: 0x0000000000000001 | 01 00 00 00 00 00 00 00
stack at sp + 3 slots: 0x00007ff9fcef783b jvm.dll
stack at sp + 4 slots: 0x0000000000000032 is an unknown value
stack at sp + 5 slots: 0x00007ff9fcf21b9f jvm.dll
stack at sp + 6 slots: 0x431bde82d7b634db is an unknown value
stack at sp + 7 slots: 0x0000000000000001 is an unknown value


---------------  P R O C E S S  ---------------

Threads class SMR info:
_java_thread_list=0x000001e7f202de40, length=17, elements={
0x000001e7d2fa9000, 0x000001e7ee76a800, 0x000001e7ee78f800, 0x000001e7eeffd800,
0x000001e7eeffe000, 0x000001e7eefff000, 0x000001e7ef002000, 0x000001e7ef00b800,
0x000001e7ef00f000, 0x000001e7ef190000, 0x000001e7ef18f800, 0x000001e7ef194000,
0x000001e7ef192800, 0x000001e7ef191000, 0x000001e7ef191800, 0x000001e7ef193800,
0x000001e7ef18e800
}

Java Threads: ( => current thread )
  0x000001e7d2fa9000 JavaThread "main" [_thread_blocked, id=4560, stack(0x0000003e36c00000,0x0000003e36d00000)]
  0x000001e7ee76a800 JavaThread "Reference Handler" daemon [_thread_blocked, id=9960, stack(0x0000003e37300000,0x0000003e37400000)]
  0x000001e7ee78f800 JavaThread "Finalizer" daemon [_thread_blocked, id=15104, stack(0x0000003e37400000,0x0000003e37500000)]
  0x000001e7eeffd800 JavaThread "Signal Dispatcher" daemon [_thread_blocked, id=3260, stack(0x0000003e37500000,0x0000003e37600000)]
  0x000001e7eeffe000 JavaThread "Attach Listener" daemon [_thread_blocked, id=3420, stack(0x0000003e37600000,0x0000003e37700000)]
  0x000001e7eefff000 JavaThread "Service Thread" daemon [_thread_blocked, id=12892, stack(0x0000003e37700000,0x0000003e37800000)]
  0x000001e7ef002000 JavaThread "C2 CompilerThread0" daemon [_thread_blocked, id=3188, stack(0x0000003e37800000,0x0000003e37900000)]
  0x000001e7ef00b800 JavaThread "C1 CompilerThread0" daemon [_thread_blocked, id=700, stack(0x0000003e37900000,0x0000003e37a00000)]
  0x000001e7ef00f000 JavaThread "Sweeper thread" daemon [_thread_blocked, id=5592, stack(0x0000003e37a00000,0x0000003e37b00000)]
  0x000001e7ef190000 JavaThread "Common-Cleaner" daemon [_thread_blocked, id=13376, stack(0x0000003e37e00000,0x0000003e37f00000)]
  0x000001e7ef18f800 JavaThread "RMI TCP Accept-45324" daemon [_thread_in_native, id=13424, stack(0x0000003e37f00000,0x0000003e38000000)]
  0x000001e7ef194000 JavaThread "RMI TCP Accept-0" daemon [_thread_in_native, id=5688, stack(0x0000003e38000000,0x0000003e38100000)]
  0x000001e7ef192800 JavaThread "RMI Reaper" [_thread_blocked, id=6100, stack(0x0000003e38100000,0x0000003e38200000)]
  0x000001e7ef191000 JavaThread "RMI GC Daemon" daemon [_thread_blocked, id=8904, stack(0x0000003e38200000,0x0000003e38300000)]
  0x000001e7ef191800 JavaThread "RMI TCP Connection(1)-127.0.0.1" daemon [_thread_in_native, id=7356, stack(0x0000003e38500000,0x0000003e38600000)]
  0x000001e7ef193800 JavaThread "RMI Scheduler(0)" daemon [_thread_blocked, id=7144, stack(0x0000003e38600000,0x0000003e38700000)]
  0x000001e7ef18e800 JavaThread "RMI TCP Connection(5)-127.0.0.1" daemon [_thread_in_native, id=6108, stack(0x0000003e37c00000,0x0000003e37d00000)]

Other Threads:
  0x000001e7ee769800 VMThread "VM Thread" [stack: 0x0000003e37200000,0x0000003e37300000] [id=11468]
=>0x000001e7ef1a0000 WatcherThread [stack: 0x0000003e37d00000,0x0000003e37e00000] [id=8296]
  0x000001e7d2fc1800 GCTaskThread "GC Thread#0" [stack: 0x0000003e36d00000,0x0000003e36e00000] [id=6044]
  0x000001e7f02b1800 GCTaskThread "GC Thread#1" [stack: 0x0000003e36900000,0x0000003e36a00000] [id=10036]
  0x000001e7ef9e0000 GCTaskThread "GC Thread#2" [stack: 0x0000003e36a00000,0x0000003e36b00000] [id=13464]
  0x000001e7ef9e0800 GCTaskThread "GC Thread#3" [stack: 0x0000003e36b00000,0x0000003e36c00000] [id=6760]
  0x000001e7d2ff3000 ConcurrentGCThread "G1 Main Marker" [stack: 0x0000003e36e00000,0x0000003e36f00000] [id=6504]
  0x000001e7d2ff6800 ConcurrentGCThread "G1 Conc#0" [stack: 0x0000003e36f00000,0x0000003e37000000] [id=14084]
  0x000001e7ee5d2800 ConcurrentGCThread "G1 Refine#0" [stack: 0x0000003e37000000,0x0000003e37100000] [id=5716]
  0x000001e7d308e000 ConcurrentGCThread "G1 Young RemSet Sampling" [stack: 0x0000003e37100000,0x0000003e37200000] [id=2112]

Threads with active compile tasks:

VM state:not at safepoint (normal execution)

VM Mutex/Monitor currently owned by a thread:  ([mutex/lock_event])
[0x000001e7d2fa5a10] PeriodicTask_lock - owner thread: 0x000001e7ef1a0000

Heap address: 0x0000000081000000, size: 2032 MB, Compressed Oops mode: 32-bit
Narrow klass base: 0x0000000000000000, Narrow klass shift: 3
Compressed class space size: 1073741824 Address: 0x0000000100000000

Heap:
 garbage-first heap   total 131072K, used 15704K [0x0000000081000000, 0x0000000100000000)
  region size 1024K, 12 young (12288K), 0 survivors (0K)
 Metaspace       used 15478K, capacity 15993K, committed 16384K, reserved 1064960K
  class space    used 1445K, capacity 1612K, committed 1792K, reserved 1048576K
Heap Regions: E=young(eden), S=young(survivor), O=old, HS=humongous(starts), HC=humongous(continues), CS=collection set, F=free, A=archive, TAMS=top-at-mark-start (previous, next)
|   0|0x0000000081000000, 0x0000000081100000, 0x0000000081100000|100%|HS|  |TAMS 0x0000000081000000, 0x0000000081000000| Untracked 
|   1|0x0000000081100000, 0x00000000811c2b28, 0x0000000081200000| 76%| O|  |TAMS 0x0000000081100000, 0x0000000081100000| Untracked 
|   2|0x0000000081200000, 0x00000000812b98b0, 0x0000000081300000| 72%| O|  |TAMS 0x0000000081200000, 0x0000000081200000| Untracked 
|   3|0x0000000081300000, 0x00000000813f8de8, 0x0000000081400000| 97%| O|  |TAMS 0x0000000081300000, 0x0000000081300000| Untracked 
|   4|0x0000000081400000, 0x00000000814e1168, 0x0000000081500000| 87%| O|  |TAMS 0x0000000081400000, 0x0000000081400000| Untracked 
|   5|0x0000000081500000, 0x0000000081500000, 0x0000000081600000|  0%| F|  |TAMS 0x0000000081500000, 0x0000000081500000| Untracked 
|   6|0x0000000081600000, 0x0000000081600000, 0x0000000081700000|  0%| F|  |TAMS 0x0000000081600000, 0x0000000081600000| Untracked 
|   7|0x0000000081700000, 0x0000000081700000, 0x0000000081800000|  0%| F|  |TAMS 0x0000000081700000, 0x0000000081700000| Untracked 
|   8|0x0000000081800000, 0x0000000081800000, 0x0000000081900000|  0%| F|  |TAMS 0x0000000081800000, 0x0000000081800000| Untracked 
|   9|0x0000000081900000, 0x0000000081900000, 0x0000000081a00000|  0%| F|  |TAMS 0x0000000081900000, 0x0000000081900000| Untracked 
|  10|0x0000000081a00000, 0x0000000081a00000, 0x0000000081b00000|  0%| F|  |TAMS 0x0000000081a00000, 0x0000000081a00000| Untracked 
|  11|0x0000000081b00000, 0x0000000081b00000, 0x0000000081c00000|  0%| F|  |TAMS 0x0000000081b00000, 0x0000000081b00000| Untracked 
|  12|0x0000000081c00000, 0x0000000081c00000, 0x0000000081d00000|  0%| F|  |TAMS 0x0000000081c00000, 0x0000000081c00000| Untracked 
|  13|0x0000000081d00000, 0x0000000081d00000, 0x0000000081e00000|  0%| F|  |TAMS 0x0000000081d00000, 0x0000000081d00000| Untracked 
|  14|0x0000000081e00000, 0x0000000081e00000, 0x0000000081f00000|  0%| F|  |TAMS 0x0000000081e00000, 0x0000000081e00000| Untracked 
|  15|0x0000000081f00000, 0x0000000081f00000, 0x0000000082000000|  0%| F|  |TAMS 0x0000000081f00000, 0x0000000081f00000| Untracked 
|  16|0x0000000082000000, 0x0000000082000000, 0x0000000082100000|  0%| F|  |TAMS 0x0000000082000000, 0x0000000082000000| Untracked 
|  17|0x0000000082100000, 0x0000000082100000, 0x0000000082200000|  0%| F|  |TAMS 0x0000000082100000, 0x0000000082100000| Untracked 
|  18|0x0000000082200000, 0x0000000082200000, 0x0000000082300000|  0%| F|  |TAMS 0x0000000082200000, 0x0000000082200000| Untracked 
|  19|0x0000000082300000, 0x0000000082300000, 0x0000000082400000|  0%| F|  |TAMS 0x0000000082300000, 0x0000000082300000| Untracked 
|  20|0x0000000082400000, 0x0000000082400000, 0x0000000082500000|  0%| F|  |TAMS 0x0000000082400000, 0x0000000082400000| Untracked 
|  21|0x0000000082500000, 0x0000000082500000, 0x0000000082600000|  0%| F|  |TAMS 0x0000000082500000, 0x0000000082500000| Untracked 
|  22|0x0000000082600000, 0x0000000082600000, 0x0000000082700000|  0%| F|  |TAMS 0x0000000082600000, 0x0000000082600000| Untracked 
|  23|0x0000000082700000, 0x0000000082700000, 0x0000000082800000|  0%| F|  |TAMS 0x0000000082700000, 0x0000000082700000| Untracked 
|  24|0x0000000082800000, 0x0000000082800000, 0x0000000082900000|  0%| F|  |TAMS 0x0000000082800000, 0x0000000082800000| Untracked 
|  25|0x0000000082900000, 0x0000000082900000, 0x0000000082a00000|  0%| F|  |TAMS 0x0000000082900000, 0x0000000082900000| Untracked 
|  26|0x0000000082a00000, 0x0000000082a00000, 0x0000000082b00000|  0%| F|  |TAMS 0x0000000082a00000, 0x0000000082a00000| Untracked 
|  27|0x0000000082b00000, 0x0000000082b00000, 0x0000000082c00000|  0%| F|  |TAMS 0x0000000082b00000, 0x0000000082b00000| Untracked 
|  28|0x0000000082c00000, 0x0000000082c00000, 0x0000000082d00000|  0%| F|  |TAMS 0x0000000082c00000, 0x0000000082c00000| Untracked 
|  29|0x0000000082d00000, 0x0000000082d00000, 0x0000000082e00000|  0%| F|  |TAMS 0x0000000082d00000, 0x0000000082d00000| Untracked 
|  30|0x0000000082e00000, 0x0000000082e00000, 0x0000000082f00000|  0%| F|  |TAMS 0x0000000082e00000, 0x0000000082e00000| Untracked 
|  31|0x0000000082f00000, 0x0000000082f00000, 0x0000000083000000|  0%| F|  |TAMS 0x0000000082f00000, 0x0000000082f00000| Untracked 
|  32|0x0000000083000000, 0x0000000083000000, 0x0000000083100000|  0%| F|  |TAMS 0x0000000083000000, 0x0000000083000000| Untracked 
|  33|0x0000000083100000, 0x0000000083100000, 0x0000000083200000|  0%| F|  |TAMS 0x0000000083100000, 0x0000000083100000| Untracked 
|  34|0x0000000083200000, 0x0000000083200000, 0x0000000083300000|  0%| F|  |TAMS 0x0000000083200000, 0x0000000083200000| Untracked 
|  35|0x0000000083300000, 0x0000000083300000, 0x0000000083400000|  0%| F|  |TAMS 0x0000000083300000, 0x0000000083300000| Untracked 
|  36|0x0000000083400000, 0x0000000083400000, 0x0000000083500000|  0%| F|  |TAMS 0x0000000083400000, 0x0000000083400000| Untracked 
|  37|0x0000000083500000, 0x0000000083500000, 0x0000000083600000|  0%| F|  |TAMS 0x0000000083500000, 0x0000000083500000| Untracked 
|  38|0x0000000083600000, 0x0000000083600000, 0x0000000083700000|  0%| F|  |TAMS 0x0000000083600000, 0x0000000083600000| Untracked 
|  39|0x0000000083700000, 0x0000000083700000, 0x0000000083800000|  0%| F|  |TAMS 0x0000000083700000, 0x0000000083700000| Untracked 
|  40|0x0000000083800000, 0x0000000083800000, 0x0000000083900000|  0%| F|  |TAMS 0x0000000083800000, 0x0000000083800000| Untracked 
|  41|0x0000000083900000, 0x0000000083900000, 0x0000000083a00000|  0%| F|  |TAMS 0x0000000083900000, 0x0000000083900000| Untracked 
|  42|0x0000000083a00000, 0x0000000083a00000, 0x0000000083b00000|  0%| F|  |TAMS 0x0000000083a00000, 0x0000000083a00000| Untracked 
|  43|0x0000000083b00000, 0x0000000083b00000, 0x0000000083c00000|  0%| F|  |TAMS 0x0000000083b00000, 0x0000000083b00000| Untracked 
|  44|0x0000000083c00000, 0x0000000083c00000, 0x0000000083d00000|  0%| F|  |TAMS 0x0000000083c00000, 0x0000000083c00000| Untracked 
|  45|0x0000000083d00000, 0x0000000083d00000, 0x0000000083e00000|  0%| F|  |TAMS 0x0000000083d00000, 0x0000000083d00000| Untracked 
|  46|0x0000000083e00000, 0x0000000083e00000, 0x0000000083f00000|  0%| F|  |TAMS 0x0000000083e00000, 0x0000000083e00000| Untracked 
|  47|0x0000000083f00000, 0x0000000083f00000, 0x0000000084000000|  0%| F|  |TAMS 0x0000000083f00000, 0x0000000083f00000| Untracked 
|  48|0x0000000084000000, 0x0000000084000000, 0x0000000084100000|  0%| F|  |TAMS 0x0000000084000000, 0x0000000084000000| Untracked 
|  49|0x0000000084100000, 0x0000000084100000, 0x0000000084200000|  0%| F|  |TAMS 0x0000000084100000, 0x0000000084100000| Untracked 
|  50|0x0000000084200000, 0x0000000084200000, 0x0000000084300000|  0%| F|  |TAMS 0x0000000084200000, 0x0000000084200000| Untracked 
|  51|0x0000000084300000, 0x0000000084300000, 0x0000000084400000|  0%| F|  |TAMS 0x0000000084300000, 0x0000000084300000| Untracked 
|  52|0x0000000084400000, 0x0000000084400000, 0x0000000084500000|  0%| F|  |TAMS 0x0000000084400000, 0x0000000084400000| Untracked 
|  53|0x0000000084500000, 0x0000000084500000, 0x0000000084600000|  0%| F|  |TAMS 0x0000000084500000, 0x0000000084500000| Untracked 
|  54|0x0000000084600000, 0x0000000084600000, 0x0000000084700000|  0%| F|  |TAMS 0x0000000084600000, 0x0000000084600000| Untracked 
|  55|0x0000000084700000, 0x0000000084700000, 0x0000000084800000|  0%| F|  |TAMS 0x0000000084700000, 0x0000000084700000| Untracked 
|  56|0x0000000084800000, 0x0000000084800000, 0x0000000084900000|  0%| F|  |TAMS 0x0000000084800000, 0x0000000084800000| Untracked 
|  57|0x0000000084900000, 0x0000000084900000, 0x0000000084a00000|  0%| F|  |TAMS 0x0000000084900000, 0x0000000084900000| Untracked 
|  58|0x0000000084a00000, 0x0000000084a00000, 0x0000000084b00000|  0%| F|  |TAMS 0x0000000084a00000, 0x0000000084a00000| Untracked 
|  59|0x0000000084b00000, 0x0000000084b00000, 0x0000000084c00000|  0%| F|  |TAMS 0x0000000084b00000, 0x0000000084b00000| Untracked 
|  60|0x0000000084c00000, 0x0000000084c00000, 0x0000000084d00000|  0%| F|  |TAMS 0x0000000084c00000, 0x0000000084c00000| Untracked 
|  61|0x0000000084d00000, 0x0000000084d00000, 0x0000000084e00000|  0%| F|  |TAMS 0x0000000084d00000, 0x0000000084d00000| Untracked 
|  62|0x0000000084e00000, 0x0000000084e00000, 0x0000000084f00000|  0%| F|  |TAMS 0x0000000084e00000, 0x0000000084e00000| Untracked 
|  63|0x0000000084f00000, 0x0000000084f00000, 0x0000000085000000|  0%| F|  |TAMS 0x0000000084f00000, 0x0000000084f00000| Untracked 
|  64|0x0000000085000000, 0x0000000085000000, 0x0000000085100000|  0%| F|  |TAMS 0x0000000085000000, 0x0000000085000000| Untracked 
|  65|0x0000000085100000, 0x0000000085100000, 0x0000000085200000|  0%| F|  |TAMS 0x0000000085100000, 0x0000000085100000| Untracked 
|  66|0x0000000085200000, 0x0000000085200000, 0x0000000085300000|  0%| F|  |TAMS 0x0000000085200000, 0x0000000085200000| Untracked 
|  67|0x0000000085300000, 0x0000000085300000, 0x0000000085400000|  0%| F|  |TAMS 0x0000000085300000, 0x0000000085300000| Untracked 
|  68|0x0000000085400000, 0x0000000085400000, 0x0000000085500000|  0%| F|  |TAMS 0x0000000085400000, 0x0000000085400000| Untracked 
|  69|0x0000000085500000, 0x0000000085500000, 0x0000000085600000|  0%| F|  |TAMS 0x0000000085500000, 0x0000000085500000| Untracked 
|  70|0x0000000085600000, 0x0000000085600000, 0x0000000085700000|  0%| F|  |TAMS 0x0000000085600000, 0x0000000085600000| Untracked 
|  71|0x0000000085700000, 0x0000000085700000, 0x0000000085800000|  0%| F|  |TAMS 0x0000000085700000, 0x0000000085700000| Untracked 
|  72|0x0000000085800000, 0x0000000085800000, 0x0000000085900000|  0%| F|  |TAMS 0x0000000085800000, 0x0000000085800000| Untracked 
|  73|0x0000000085900000, 0x0000000085900000, 0x0000000085a00000|  0%| F|  |TAMS 0x0000000085900000, 0x0000000085900000| Untracked 
|  74|0x0000000085a00000, 0x0000000085a00000, 0x0000000085b00000|  0%| F|  |TAMS 0x0000000085a00000, 0x0000000085a00000| Untracked 
|  75|0x0000000085b00000, 0x0000000085b00000, 0x0000000085c00000|  0%| F|  |TAMS 0x0000000085b00000, 0x0000000085b00000| Untracked 
|  76|0x0000000085c00000, 0x0000000085c00000, 0x0000000085d00000|  0%| F|  |TAMS 0x0000000085c00000, 0x0000000085c00000| Untracked 
|  77|0x0000000085d00000, 0x0000000085d00000, 0x0000000085e00000|  0%| F|  |TAMS 0x0000000085d00000, 0x0000000085d00000| Untracked 
|  78|0x0000000085e00000, 0x0000000085e00000, 0x0000000085f00000|  0%| F|  |TAMS 0x0000000085e00000, 0x0000000085e00000| Untracked 
|  79|0x0000000085f00000, 0x0000000085f00000, 0x0000000086000000|  0%| F|  |TAMS 0x0000000085f00000, 0x0000000085f00000| Untracked 
|  80|0x0000000086000000, 0x0000000086000000, 0x0000000086100000|  0%| F|  |TAMS 0x0000000086000000, 0x0000000086000000| Untracked 
|  81|0x0000000086100000, 0x0000000086100000, 0x0000000086200000|  0%| F|  |TAMS 0x0000000086100000, 0x0000000086100000| Untracked 
|  82|0x0000000086200000, 0x0000000086200000, 0x0000000086300000|  0%| F|  |TAMS 0x0000000086200000, 0x0000000086200000| Untracked 
|  83|0x0000000086300000, 0x0000000086300000, 0x0000000086400000|  0%| F|  |TAMS 0x0000000086300000, 0x0000000086300000| Untracked 
|  84|0x0000000086400000, 0x0000000086400000, 0x0000000086500000|  0%| F|  |TAMS 0x0000000086400000, 0x0000000086400000| Untracked 
|  85|0x0000000086500000, 0x0000000086500000, 0x0000000086600000|  0%| F|  |TAMS 0x0000000086500000, 0x0000000086500000| Untracked 
|  86|0x0000000086600000, 0x0000000086600000, 0x0000000086700000|  0%| F|  |TAMS 0x0000000086600000, 0x0000000086600000| Untracked 
|  87|0x0000000086700000, 0x0000000086700000, 0x0000000086800000|  0%| F|  |TAMS 0x0000000086700000, 0x0000000086700000| Untracked 
|  88|0x0000000086800000, 0x0000000086800000, 0x0000000086900000|  0%| F|  |TAMS 0x0000000086800000, 0x0000000086800000| Untracked 
|  89|0x0000000086900000, 0x0000000086900000, 0x0000000086a00000|  0%| F|  |TAMS 0x0000000086900000, 0x0000000086900000| Untracked 
|  90|0x0000000086a00000, 0x0000000086a00000, 0x0000000086b00000|  0%| F|  |TAMS 0x0000000086a00000, 0x0000000086a00000| Untracked 
|  91|0x0000000086b00000, 0x0000000086b00000, 0x0000000086c00000|  0%| F|  |TAMS 0x0000000086b00000, 0x0000000086b00000| Untracked 
|  92|0x0000000086c00000, 0x0000000086c00000, 0x0000000086d00000|  0%| F|  |TAMS 0x0000000086c00000, 0x0000000086c00000| Untracked 
|  93|0x0000000086d00000, 0x0000000086d00000, 0x0000000086e00000|  0%| F|  |TAMS 0x0000000086d00000, 0x0000000086d00000| Untracked 
|  94|0x0000000086e00000, 0x0000000086e00000, 0x0000000086f00000|  0%| F|  |TAMS 0x0000000086e00000, 0x0000000086e00000| Untracked 
|  95|0x0000000086f00000, 0x0000000086f00000, 0x0000000087000000|  0%| F|  |TAMS 0x0000000086f00000, 0x0000000086f00000| Untracked 
|  96|0x0000000087000000, 0x0000000087000000, 0x0000000087100000|  0%| F|  |TAMS 0x0000000087000000, 0x0000000087000000| Untracked 
|  97|0x0000000087100000, 0x0000000087100000, 0x0000000087200000|  0%| F|  |TAMS 0x0000000087100000, 0x0000000087100000| Untracked 
|  98|0x0000000087200000, 0x0000000087200000, 0x0000000087300000|  0%| F|  |TAMS 0x0000000087200000, 0x0000000087200000| Untracked 
|  99|0x0000000087300000, 0x0000000087300000, 0x0000000087400000|  0%| F|  |TAMS 0x0000000087300000, 0x0000000087300000| Untracked 
| 100|0x0000000087400000, 0x0000000087400000, 0x0000000087500000|  0%| F|  |TAMS 0x0000000087400000, 0x0000000087400000| Untracked 
| 101|0x0000000087500000, 0x0000000087500000, 0x0000000087600000|  0%| F|  |TAMS 0x0000000087500000, 0x0000000087500000| Untracked 
| 102|0x0000000087600000, 0x0000000087600000, 0x0000000087700000|  0%| F|  |TAMS 0x0000000087600000, 0x0000000087600000| Untracked 
| 103|0x0000000087700000, 0x0000000087700000, 0x0000000087800000|  0%| F|  |TAMS 0x0000000087700000, 0x0000000087700000| Untracked 
| 104|0x0000000087800000, 0x0000000087800000, 0x0000000087900000|  0%| F|  |TAMS 0x0000000087800000, 0x0000000087800000| Untracked 
| 105|0x0000000087900000, 0x0000000087900000, 0x0000000087a00000|  0%| F|  |TAMS 0x0000000087900000, 0x0000000087900000| Untracked 
| 106|0x0000000087a00000, 0x0000000087a00000, 0x0000000087b00000|  0%| F|  |TAMS 0x0000000087a00000, 0x0000000087a00000| Untracked 
| 107|0x0000000087b00000, 0x0000000087b00000, 0x0000000087c00000|  0%| F|  |TAMS 0x0000000087b00000, 0x0000000087b00000| Untracked 
| 108|0x0000000087c00000, 0x0000000087c00000, 0x0000000087d00000|  0%| F|  |TAMS 0x0000000087c00000, 0x0000000087c00000| Untracked 
| 109|0x0000000087d00000, 0x0000000087d00000, 0x0000000087e00000|  0%| F|  |TAMS 0x0000000087d00000, 0x0000000087d00000| Untracked 
| 110|0x0000000087e00000, 0x0000000087e00000, 0x0000000087f00000|  0%| F|  |TAMS 0x0000000087e00000, 0x0000000087e00000| Untracked 
| 111|0x0000000087f00000, 0x0000000087f00000, 0x0000000088000000|  0%| F|  |TAMS 0x0000000087f00000, 0x0000000087f00000| Untracked 
| 112|0x0000000088000000, 0x0000000088000000, 0x0000000088100000|  0%| F|  |TAMS 0x0000000088000000, 0x0000000088000000| Untracked 
| 113|0x0000000088100000, 0x0000000088100000, 0x0000000088200000|  0%| F|  |TAMS 0x0000000088100000, 0x0000000088100000| Untracked 
| 114|0x0000000088200000, 0x0000000088200000, 0x0000000088300000|  0%| F|  |TAMS 0x0000000088200000, 0x0000000088200000| Untracked 
| 115|0x0000000088300000, 0x0000000088300000, 0x0000000088400000|  0%| F|  |TAMS 0x0000000088300000, 0x0000000088300000| Untracked 
| 116|0x0000000088400000, 0x00000000884e0c90, 0x0000000088500000| 87%| E|  |TAMS 0x0000000088400000, 0x0000000088400000| Complete 
| 117|0x0000000088500000, 0x0000000088600000, 0x0000000088600000|100%| E|CS|TAMS 0x0000000088500000, 0x0000000088500000| Complete 
| 118|0x0000000088600000, 0x0000000088700000, 0x0000000088700000|100%| E|CS|TAMS 0x0000000088600000, 0x0000000088600000| Complete 
| 119|0x0000000088700000, 0x0000000088800000, 0x0000000088800000|100%| E|CS|TAMS 0x0000000088700000, 0x0000000088700000| Complete 
| 120|0x0000000088800000, 0x0000000088900000, 0x0000000088900000|100%| E|CS|TAMS 0x0000000088800000, 0x0000000088800000| Complete 
| 121|0x0000000088900000, 0x0000000088a00000, 0x0000000088a00000|100%| E|CS|TAMS 0x0000000088900000, 0x0000000088900000| Complete 
| 122|0x0000000088a00000, 0x0000000088b00000, 0x0000000088b00000|100%| E|CS|TAMS 0x0000000088a00000, 0x0000000088a00000| Complete 
| 123|0x0000000088b00000, 0x0000000088c00000, 0x0000000088c00000|100%| E|CS|TAMS 0x0000000088b00000, 0x0000000088b00000| Complete 
| 124|0x0000000088c00000, 0x0000000088d00000, 0x0000000088d00000|100%| E|CS|TAMS 0x0000000088c00000, 0x0000000088c00000| Complete 
| 125|0x0000000088d00000, 0x0000000088e00000, 0x0000000088e00000|100%| E|CS|TAMS 0x0000000088d00000, 0x0000000088d00000| Complete 
| 126|0x0000000088e00000, 0x0000000088f00000, 0x0000000088f00000|100%| E|CS|TAMS 0x0000000088e00000, 0x0000000088e00000| Complete 
| 127|0x0000000088f00000, 0x0000000089000000, 0x0000000089000000|100%| E|CS|TAMS 0x0000000088f00000, 0x0000000088f00000| Complete 

Card table byte_map: [0x000001e7e6f90000,0x000001e7e7390000] _byte_map_base: 0x000001e7e6b88000

Marking Bits (Prev, Next): (CMBitMap*) 0x000001e7d2fea698, (CMBitMap*) 0x000001e7d2fea6d0
 Prev Bits: [0x000001e7e7790000, 0x000001e7e9750000)
 Next Bits: [0x000001e7e9750000, 0x000001e7eb710000)

Polling page: 0x000001e7d1570000

Metaspace:

Usage:
  Non-class:     14.04 MB capacity,    13.70 MB ( 98%) used,   308.62 KB (  2%) free+waste,    39.31 KB ( <1%) overhead. 
      Class:      1.57 MB capacity,     1.41 MB ( 90%) used,   148.84 KB (  9%) free+waste,    17.94 KB (  1%) overhead. 
       Both:     15.62 MB capacity,    15.12 MB ( 97%) used,   457.45 KB (  3%) free+waste,    57.25 KB ( <1%) overhead. 

Virtual space:
  Non-class space:       16.00 MB reserved,      14.25 MB ( 89%) committed 
      Class space:        1.00 GB reserved,       1.75 MB ( <1%) committed 
             Both:        1.02 GB reserved,      16.00 MB (  2%) committed 

Chunk freelists:
   Non-Class:  211.00 KB
       Class:  157.00 KB
        Both:  368.00 KB

MaxMetaspaceSize: 17179869184.00 GB
CompressedClassSpaceSize: 1.00 GB

CodeHeap 'non-profiled nmethods': size=119168Kb used=1718Kb max_used=1718Kb free=117449Kb
 bounds [0x000001e7de780000, 0x000001e7de9f0000, 0x000001e7e5be0000]
CodeHeap 'profiled nmethods': size=119168Kb used=6062Kb max_used=6062Kb free=113105Kb
 bounds [0x000001e7d7320000, 0x000001e7d7910000, 0x000001e7de780000]
CodeHeap 'non-nmethods': size=7424Kb used=1136Kb max_used=2888Kb free=6287Kb
 bounds [0x000001e7d6be0000, 0x000001e7d6ed0000, 0x000001e7d7320000]
 total_blobs=3246 nmethods=2783 adapters=374
 compilation: enabled
              stopped_count=0, restarted_count=0
 full_count=0

Compilation events (20 events):
Event: 11527.236 Thread 0x000001e7ef00b800 2776       3       com.intellij.database.remote.jdbc.helpers.JdbcHelperImpl::convertValue (72 bytes)
Event: 11527.236 Thread 0x000001e7ef00b800 nmethod 2776 0x000001e7d7908390 code [0x000001e7d79086e0, 0x000001e7d7909a48]
Event: 11967.068 Thread 0x000001e7ef00b800 2777       3       java.util.Properties::containsKey (9 bytes)
Event: 11967.069 Thread 0x000001e7ef00b800 nmethod 2777 0x000001e7d790a110 code [0x000001e7d790a2e0, 0x000001e7d790a4e8]
Event: 11967.092 Thread 0x000001e7ef002000 2778       4       java.lang.StringLatin1::toUpperCase (180 bytes)
Event: 11967.099 Thread 0x000001e7ef002000 nmethod 2778 0x000001e7de92a590 code [0x000001e7de92a760, 0x000001e7de92aeb8]
Event: 12542.445 Thread 0x000001e7ef00b800 2779       3       com.intellij.database.remote.jdbc.helpers.JdbcHelperImpl$StandardGetter::of (39 bytes)
Event: 12542.446 Thread 0x000001e7ef00b800 nmethod 2779 0x000001e7d790a610 code [0x000001e7d790a820, 0x000001e7d790ae38]
Event: 12579.713 Thread 0x000001e7ef002000 2780       4       java.util.ArrayList::elementData (7 bytes)
Event: 12579.713 Thread 0x000001e7ef00b800 2781       3       java.lang.String::toUpperCase (29 bytes)
Event: 12579.713 Thread 0x000001e7ef00b800 nmethod 2781 0x000001e7d790b090 code [0x000001e7d790b260, 0x000001e7d790b4f8]
Event: 12579.713 Thread 0x000001e7ef00b800 2782       3       sun.util.calendar.ZoneInfo::getLastRawOffset (10 bytes)
Event: 12579.713 Thread 0x000001e7ef00b800 nmethod 2782 0x000001e7d790b610 code [0x000001e7d790b7c0, 0x000001e7d790b8b8]
Event: 12579.713 Thread 0x000001e7ef002000 nmethod 2780 0x000001e7de92b310 code [0x000001e7de92b4a0, 0x000001e7de92b538]
Event: 12579.730 Thread 0x000001e7ef002000 2783       4       java.util.regex.Pattern$CharPropertyGreedy::match (122 bytes)
Event: 12579.735 Thread 0x000001e7ef002000 nmethod 2783 0x000001e7de92b610 code [0x000001e7de92b800, 0x000001e7de92be68]
Event: 12611.885 Thread 0x000001e7ef002000 2784   !   4       java.util.regex.Pattern::matcher (44 bytes)
Event: 12611.898 Thread 0x000001e7ef002000 nmethod 2784 0x000001e7de92c510 code [0x000001e7de92c720, 0x000001e7de92d248]
Event: 12689.311 Thread 0x000001e7ef002000 2785       4       java.util.concurrent.locks.ReentrantLock$Sync::isHeldExclusively (16 bytes)
Event: 12689.312 Thread 0x000001e7ef002000 nmethod 2785 0x000001e7de92d610 code [0x000001e7de92d7a0, 0x000001e7de92d838]

GC Heap History (8 events):
Event: 685.603 GC heap before
{Heap before GC invocations=0 (full 0):
 garbage-first heap   total 131072K, used 25600K [0x0000000081000000, 0x0000000100000000)
  region size 1024K, 24 young (24576K), 0 survivors (0K)
 Metaspace       used 14351K, capacity 14885K, committed 14976K, reserved 1062912K
  class space    used 1423K, capacity 1627K, committed 1664K, reserved 1048576K
}
Event: 685.613 GC heap after
{Heap after GC invocations=1 (full 0):
 garbage-first heap   total 131072K, used 4650K [0x0000000081000000, 0x0000000100000000)
  region size 1024K, 3 young (3072K), 3 survivors (3072K)
 Metaspace       used 14351K, capacity 14885K, committed 14976K, reserved 1062912K
  class space    used 1423K, capacity 1627K, committed 1664K, reserved 1048576K
}
Event: 4285.632 GC heap before
{Heap before GC invocations=1 (full 0):
 garbage-first heap   total 131072K, used 66090K [0x0000000081000000, 0x0000000100000000)
  region size 1024K, 64 young (65536K), 3 survivors (3072K)
 Metaspace       used 15553K, capacity 16203K, committed 16384K, reserved 1064960K
  class space    used 1525K, capacity 1769K, committed 1792K, reserved 1048576K
}
Event: 4285.657 GC heap after
{Heap after GC invocations=2 (full 1):
 garbage-first heap   total 131072K, used 4825K [0x0000000081000000, 0x0000000100000000)
  region size 1024K, 0 young (0K), 0 survivors (0K)
 Metaspace       used 15552K, capacity 16200K, committed 16384K, reserved 1064960K
  class space    used 1524K, capacity 1768K, committed 1792K, reserved 1048576K
}
Event: 7885.653 GC heap before
{Heap before GC invocations=2 (full 1):
 garbage-first heap   total 131072K, used 41689K [0x0000000081000000, 0x0000000100000000)
  region size 1024K, 37 young (37888K), 0 survivors (0K)
 Metaspace       used 15567K, capacity 16207K, committed 16384K, reserved 1064960K
  class space    used 1525K, capacity 1769K, committed 1792K, reserved 1048576K
}
Event: 7885.673 GC heap after
{Heap after GC invocations=3 (full 2):
 garbage-first heap   total 131072K, used 4410K [0x0000000081000000, 0x0000000100000000)
  region size 1024K, 0 young (0K), 0 survivors (0K)
 Metaspace       used 15190K, capacity 15623K, committed 16384K, reserved 1064960K
  class space    used 1420K, capacity 1566K, committed 1792K, reserved 1048576K
}
Event: 11485.674 GC heap before
{Heap before GC invocations=3 (full 2):
 garbage-first heap   total 131072K, used 43322K [0x0000000081000000, 0x0000000100000000)
  region size 1024K, 39 young (39936K), 0 survivors (0K)
 Metaspace       used 15466K, capacity 15993K, committed 16384K, reserved 1064960K
  class space    used 1445K, capacity 1612K, committed 1792K, reserved 1048576K
}
Event: 11485.686 GC heap after
{Heap after GC invocations=4 (full 3):
 garbage-first heap   total 131072K, used 4440K [0x0000000081000000, 0x0000000100000000)
  region size 1024K, 0 young (0K), 0 survivors (0K)
 Metaspace       used 15466K, capacity 15993K, committed 16384K, reserved 1064960K
  class space    used 1445K, capacity 1612K, committed 1792K, reserved 1048576K
}

Deoptimization events (20 events):
Event: 5800.846 Thread 0x000001e7ef195000 Uncommon trap: trap_request=0xffffff4d fr.pc=0x000001e7de82cfe4 relative=0x00000000000003a4
Event: 5800.846 Thread 0x000001e7ef195000 Uncommon trap: reason=unstable_if action=reinterpret pc=0x000001e7de82cfe4 method=java.lang.StringUTF16.compress([CII)[B @ 13 c2
Event: 5800.846 Thread 0x000001e7ef195000 DEOPT PACKING pc=0x000001e7de82cfe4 sp=0x0000003e37bfb050
Event: 5800.847 Thread 0x000001e7ef195000 DEOPT UNPACKING pc=0x000001e7d6c0662f sp=0x0000003e37bfaf90 mode 2
Event: 5800.847 Thread 0x000001e7ef195000 Uncommon trap: trap_request=0xffffff4d fr.pc=0x000001e7de7cf414 relative=0x00000000000002f4
Event: 5800.847 Thread 0x000001e7ef195000 Uncommon trap: reason=unstable_if action=reinterpret pc=0x000001e7de7cf414 method=java.lang.StringUTF16.compress([CI[BII)I @ 20 c2
Event: 5800.847 Thread 0x000001e7ef195000 DEOPT PACKING pc=0x000001e7de7cf414 sp=0x0000003e37bfaf70
Event: 5800.847 Thread 0x000001e7ef195000 DEOPT UNPACKING pc=0x000001e7d6c0662f sp=0x0000003e37bfaef0 mode 2
Event: 5800.847 Thread 0x000001e7ef195000 Uncommon trap: trap_request=0xffffff7e fr.pc=0x000001e7de83cdb0 relative=0x00000000000052f0
Event: 5800.847 Thread 0x000001e7ef195000 Uncommon trap: reason=predicate action=maybe_recompile pc=0x000001e7de83cdb0 method=java.io.ObjectOutputStream$BlockDataOutputStream.getUTFLength(Ljava/lang/String;)J @ 13 c2
Event: 5800.847 Thread 0x000001e7ef195000 DEOPT PACKING pc=0x000001e7de83cdb0 sp=0x0000003e37bfb8b0
Event: 5800.847 Thread 0x000001e7ef195000 DEOPT UNPACKING pc=0x000001e7d6c0662f sp=0x0000003e37bfb788 mode 2
Event: 5800.847 Thread 0x000001e7ef195000 Uncommon trap: trap_request=0xffffff4d fr.pc=0x000001e7de8231fc relative=0x000000000000053c
Event: 5800.847 Thread 0x000001e7ef195000 Uncommon trap: reason=unstable_if action=reinterpret pc=0x000001e7de8231fc method=java.io.ObjectOutputStream$BlockDataOutputStream.writeUTF(Ljava/lang/String;J)V @ 29 c2
Event: 5800.847 Thread 0x000001e7ef195000 DEOPT PACKING pc=0x000001e7de8231fc sp=0x0000003e37bfb7e0
Event: 5800.847 Thread 0x000001e7ef195000 DEOPT UNPACKING pc=0x000001e7d6c0662f sp=0x0000003e37bfb7b0 mode 2
Event: 5800.848 Thread 0x000001e7ef195000 Uncommon trap: trap_request=0xffffff7e fr.pc=0x000001e7de8048b4 relative=0x00000000000003f4
Event: 5800.848 Thread 0x000001e7ef195000 Uncommon trap: reason=predicate action=maybe_recompile pc=0x000001e7de8048b4 method=java.io.ObjectOutputStream$BlockDataOutputStream.getUTFLength(Ljava/lang/String;)J @ 13 c2
Event: 5800.848 Thread 0x000001e7ef195000 DEOPT PACKING pc=0x000001e7de8048b4 sp=0x0000003e37bfb790
Event: 5800.848 Thread 0x000001e7ef195000 DEOPT UNPACKING pc=0x000001e7d6c0662f sp=0x0000003e37bfb720 mode 2

Classes redefined (0 events):
No events

Internal exceptions (20 events):
Event: 0.632 Thread 0x000001e7d2fa9000 Exception <a 'java/lang/NoSuchMethodError'{0x0000000088817a28}: 'java.lang.Object java.lang.invoke.DirectMethodHandle$Holder.invokeStatic(java.lang.Object, java.lang.Object, java.lang.Object, java.lang.Object, java.lang.Object, java.lang.Object, int)'> (0x0000000088817a28) thrown at [./src/hotspot/share/interpreter/linkResolver.cpp, line 773]
Event: 0.648 Thread 0x000001e7d2fa9000 Exception <a 'java/lang/NoSuchMethodError'{0x00000000888ebf60}: 'java.lang.Object java.lang.invoke.DirectMethodHandle$Holder.invokeSpecial(java.lang.Object, java.lang.Object, int, int, java.lang.Object, int, java.lang.Object, java.lang.Object)'> (0x00000000888ebf60) thrown at [./src/hotspot/share/interpreter/linkResolver.cpp, line 773]
Event: 0.648 Thread 0x000001e7d2fa9000 Exception <a 'java/lang/NoSuchMethodError'{0x00000000888ef5a0}: 'java.lang.Object java.lang.invoke.DelegatingMethodHandle$Holder.reinvoke_L(java.lang.Object, int, int, java.lang.Object, int, java.lang.Object, java.lang.Object)'> (0x00000000888ef5a0) thrown at [./src/hotspot/share/interpreter/linkResolver.cpp, line 773]
Event: 0.652 Thread 0x000001e7d2fa9000 Exception <a 'java/lang/NoSuchMethodError'{0x0000000088719f80}: 'java.lang.Object java.lang.invoke.DirectMethodHandle$Holder.invokeStatic(java.lang.Object, java.lang.Object, java.lang.Object, java.lang.Object, java.lang.Object, java.lang.Object, java.lang.Object, java.lang.Object, int)'> (0x0000000088719f80) thrown at [./src/hotspot/share/interpreter/linkResolver.cpp, line 773]
Event: 0.655 Thread 0x000001e7d2fa9000 Exception <a 'java/lang/NoSuchMethodError'{0x00000000887344b8}: 'java.lang.Object java.lang.invoke.DirectMethodHandle$Holder.invokeStatic(java.lang.Object, java.lang.Object, java.lang.Object, java.lang.Object, java.lang.Object, java.lang.Object, java.lang.Object, java.lang.Object, int, int)'> (0x00000000887344b8) thrown at [./src/hotspot/share/interpreter/linkResolver.cpp, line 773]
Event: 0.658 Thread 0x000001e7d2fa9000 Exception <a 'java/lang/NoSuchMethodError'{0x000000008874fcc8}: 'java.lang.Object java.lang.invoke.DirectMethodHandle$Holder.invokeStatic(java.lang.Object, java.lang.Object, java.lang.Object, java.lang.Object, java.lang.Object, java.lang.Object, java.lang.Object, java.lang.Object, int, int, java.lang.Object)'> (0x000000008874fcc8) thrown at [./src/hotspot/share/interpreter/linkResolver.cpp, line 773]
Event: 0.661 Thread 0x000001e7d2fa9000 Exception <a 'java/lang/NoSuchMethodError'{0x000000008876c518}: 'java.lang.Object java.lang.invoke.DirectMethodHandle$Holder.invokeStatic(java.lang.Object, java.lang.Object, java.lang.Object, java.lang.Object, java.lang.Object, java.lang.Object, java.lang.Object, java.lang.Object, int, int, java.lang.Object, java.lang.Object)'> (0x000000008876c518) thrown at [./src/hotspot/share/interpreter/linkResolver.cpp, line 773]
Event: 0.674 Thread 0x000001e7d2fa9000 Exception <a 'java/lang/NoSuchMethodError'{0x00000000887f06f0}: 'java.lang.Object java.lang.invoke.DirectMethodHandle$Holder.invokeStatic(java.lang.Object, java.lang.Object, java.lang.Object, java.lang.Object, int)'> (0x00000000887f06f0) thrown at [./src/hotspot/share/interpreter/linkResolver.cpp, line 773]
Event: 0.686 Thread 0x000001e7d2fa9000 Exception <a 'java/lang/NoSuchMethodError'{0x00000000886b4ac8}: 'java.lang.Object java.lang.invoke.DelegatingMethodHandle$Holder.reinvoke_L(java.lang.Object, java.lang.Object, long)'> (0x00000000886b4ac8) thrown at [./src/hotspot/share/interpreter/linkResolver.cpp, line 773]
Event: 0.686 Thread 0x000001e7d2fa9000 Exception <a 'java/lang/NoSuchMethodError'{0x00000000886b7cb8}: 'java.lang.Object java.lang.invoke.Invokers$Holder.linkToTargetMethod(java.lang.Object, long, java.lang.Object)'> (0x00000000886b7cb8) thrown at [./src/hotspot/share/interpreter/linkResolver.cpp, line 773]
Event: 0.733 Thread 0x000001e7ef191800 Exception <a 'java/lang/NoSuchMethodError'{0x0000000088549bf8}: 'java.lang.Object java.lang.invoke.DelegatingMethodHandle$Holder.reinvoke_L(java.lang.Object, int, java.lang.Object)'> (0x0000000088549bf8) thrown at [./src/hotspot/share/interpreter/linkResolver.cpp, line 773]
Event: 0.826 Thread 0x000001e7ef18e800 Exception <a 'java/lang/NoSuchMethodError'{0x0000000088427888}: <clinit>> (0x0000000088427888) thrown at [./src/hotspot/share/prims/jni.cpp, line 1362]
Event: 0.979 Thread 0x000001e7ef18e800 Exception <a 'java/lang/NoSuchMethodError'{0x000000008810d988}: 'int java.lang.invoke.DirectMethodHandle$Holder.invokeSpecialIFC(java.lang.Object, java.lang.Object, int)'> (0x000000008810d988) thrown at [./src/hotspot/share/interpreter/linkResolver.cpp, line 773]
Event: 1.645 Thread 0x000001e7ef18e800 Exception <a 'java/lang/NoSuchMethodError'{0x0000000087b38ec0}: <clinit>> (0x0000000087b38ec0) thrown at [./src/hotspot/share/prims/jni.cpp, line 1362]
Event: 1.653 Thread 0x000001e7ef18e800 Exception <a 'java/lang/NoSuchMethodError'{0x0000000087b4fbd0}: <clinit>> (0x0000000087b4fbd0) thrown at [./src/hotspot/share/prims/jni.cpp, line 1362]
Event: 1508.098 Thread 0x000001e7ef18e800 Exception <a 'java/lang/NoSuchMethodError'{0x0000000088c4fe18}: <clinit>> (0x0000000088c4fe18) thrown at [./src/hotspot/share/prims/jni.cpp, line 1362]
Event: 1508.100 Thread 0x000001e7ef18e800 Exception <a 'java/lang/NoSuchMethodError'{0x0000000088c5c690}: <clinit>> (0x0000000088c5c690) thrown at [./src/hotspot/share/prims/jni.cpp, line 1362]
Event: 1508.234 Thread 0x000001e7ef18e800 Exception <a 'java/lang/NoSuchMethodError'{0x0000000088bb07b8}: <clinit>> (0x0000000088bb07b8) thrown at [./src/hotspot/share/prims/jni.cpp, line 1362]
Event: 1508.238 Thread 0x000001e7ef18e800 Exception <a 'java/lang/NoSuchMethodError'{0x0000000088bbf5d0}: <clinit>> (0x0000000088bbf5d0) thrown at [./src/hotspot/share/prims/jni.cpp, line 1362]
Event: 1508.240 Thread 0x000001e7ef18e800 Exception <a 'java/lang/NoSuchMethodError'{0x0000000088bca518}: <clinit>> (0x0000000088bca518) thrown at [./src/hotspot/share/prims/jni.cpp, line 1362]

Events (20 events):
Event: 12621.139 Thread 0x000001e7f036f000 Thread added: 0x000001e7f036f000
Event: 12621.139 Executing VM operation: RevokeBias
Event: 12621.139 Executing VM operation: RevokeBias done
Event: 12621.139 Executing VM operation: RevokeBias
Event: 12621.139 Executing VM operation: RevokeBias done
Event: 12621.139 Executing VM operation: RevokeBias
Event: 12621.139 Executing coalesced safepoint VM operation: RevokeBias
Event: 12621.139 Executing coalesced safepoint VM operation: RevokeBias done
Event: 12621.139 Executing VM operation: RevokeBias done
Event: 12621.139 Executing VM operation: RevokeBias
Event: 12621.139 Thread 0x000001e7f036f000 Thread exited: 0x000001e7f036f000
Event: 12621.139 Executing coalesced safepoint VM operation: RevokeBias
Event: 12621.139 Executing coalesced safepoint VM operation: RevokeBias done
Event: 12621.139 Executing VM operation: RevokeBias done
Event: 12621.139 Thread 0x000001e7ef195000 Thread exited: 0x000001e7ef195000
Event: 12621.139 Executing VM operation: RevokeBias
Event: 12621.139 Executing VM operation: RevokeBias done
Event: 12621.139 Executing VM operation: RevokeBias
Event: 12621.139 Executing VM operation: RevokeBias done
Event: 12621.139 Thread 0x000001e7f036d800 Thread exited: 0x000001e7f036d800


Dynamic libraries:
0x00007ff6507e0000 - 0x00007ff6507ea000 	C:\Program Files\JetBrains\PyCharm 2021.2\jbr\bin\java.exe
0x00007ffa47f50000 - 0x00007ffa48145000 	C:\Windows\SYSTEM32\ntdll.dll
0x00007ffa47d80000 - 0x00007ffa47e3d000 	C:\Windows\System32\KERNEL32.DLL
0x00007ffa45a90000 - 0x00007ffa45d59000 	C:\Windows\System32\KERNELBASE.dll
0x00007ffa45990000 - 0x00007ffa45a90000 	C:\Windows\System32\ucrtbase.dll
0x00007ffa1e340000 - 0x00007ffa1e357000 	C:\Program Files\JetBrains\PyCharm 2021.2\jbr\bin\VCRUNTIME140.dll
0x00007ffa1e220000 - 0x00007ffa1e239000 	C:\Program Files\JetBrains\PyCharm 2021.2\jbr\bin\jli.dll
0x00007ffa47be0000 - 0x00007ffa47d80000 	C:\Windows\System32\USER32.dll
0x00007ffa45ea0000 - 0x00007ffa45ec2000 	C:\Windows\System32\win32u.dll
0x00007ffa44a80000 - 0x00007ffa44d1a000 	C:\Windows\WinSxS\amd64_microsoft.windows.common-controls_6595b64144ccf1df_6.0.19041.1110_none_60b5254171f9507e\COMCTL32.dll
0x00007ffa462b0000 - 0x00007ffa462da000 	C:\Windows\System32\GDI32.dll
0x00007ffa47b40000 - 0x00007ffa47bde000 	C:\Windows\System32\msvcrt.dll
0x00007ffa45d90000 - 0x00007ffa45e9b000 	C:\Windows\System32\gdi32full.dll
0x00007ffa456e0000 - 0x00007ffa4577d000 	C:\Windows\System32\msvcp_win.dll
0x00007ffa478c0000 - 0x00007ffa478f0000 	C:\Windows\System32\IMM32.DLL
0x00007ffa1e180000 - 0x00007ffa1e21d000 	C:\Program Files\JetBrains\PyCharm 2021.2\jbr\bin\msvcp140.dll
0x00007ff9fc930000 - 0x00007ff9fd47a000 	C:\Program Files\JetBrains\PyCharm 2021.2\jbr\bin\server\jvm.dll
0x00007ffa47380000 - 0x00007ffa4742c000 	C:\Windows\System32\ADVAPI32.dll
0x00007ffa477a0000 - 0x00007ffa4783b000 	C:\Windows\System32\sechost.dll
0x00007ffa45fc0000 - 0x00007ffa460ea000 	C:\Windows\System32\RPCRT4.dll
0x00007ffa47950000 - 0x00007ffa47958000 	C:\Windows\System32\PSAPI.DLL
0x00007ffa3ca10000 - 0x00007ffa3ca1a000 	C:\Windows\SYSTEM32\VERSION.dll
0x00007ffa2e6a0000 - 0x00007ffa2e6a9000 	C:\Windows\SYSTEM32\WSOCK32.dll
0x00007ffa37c40000 - 0x00007ffa37c67000 	C:\Windows\SYSTEM32\WINMM.dll
0x00007ffa46be0000 - 0x00007ffa46c4b000 	C:\Windows\System32\WS2_32.dll
0x00007ffa427f0000 - 0x00007ffa42802000 	C:\Windows\SYSTEM32\kernel.appcore.dll
0x00007ffa3e4e0000 - 0x00007ffa3e4f1000 	C:\Program Files\JetBrains\PyCharm 2021.2\jbr\bin\verify.dll
0x00007ffa44f20000 - 0x00007ffa45104000 	C:\Windows\SYSTEM32\DBGHELP.DLL
0x00007ffa44e70000 - 0x00007ffa44e9c000 	C:\Windows\SYSTEM32\dbgcore.DLL
0x00007ffa45f30000 - 0x00007ffa45fb3000 	C:\Windows\System32\bcryptPrimitives.dll
0x00007ffa3cfb0000 - 0x00007ffa3cfd9000 	C:\Program Files\JetBrains\PyCharm 2021.2\jbr\bin\java.dll
0x00007ffa430b0000 - 0x00007ffa430bb000 	C:\Program Files\JetBrains\PyCharm 2021.2\jbr\bin\jimage.dll
0x00007ffa3cf90000 - 0x00007ffa3cfa8000 	C:\Program Files\JetBrains\PyCharm 2021.2\jbr\bin\zip.dll
0x00007ffa46420000 - 0x00007ffa46b5f000 	C:\Windows\System32\SHELL32.dll
0x00007ffa43170000 - 0x00007ffa43901000 	C:\Windows\SYSTEM32\windows.storage.dll
0x00007ffa47440000 - 0x00007ffa47795000 	C:\Windows\System32\combase.dll
0x00007ffa44a10000 - 0x00007ffa44a3c000 	C:\Windows\SYSTEM32\Wldp.dll
0x00007ffa47960000 - 0x00007ffa47a0e000 	C:\Windows\System32\SHCORE.dll
0x00007ffa46c50000 - 0x00007ffa46ca5000 	C:\Windows\System32\shlwapi.dll
0x00007ffa455d0000 - 0x00007ffa455ef000 	C:\Windows\SYSTEM32\profapi.dll
0x00007ffa3cf70000 - 0x00007ffa3cf8a000 	C:\Program Files\JetBrains\PyCharm 2021.2\jbr\bin\net.dll
0x00007ffa39d60000 - 0x00007ffa39e6a000 	C:\Windows\SYSTEM32\WINHTTP.dll
0x00007ffa448e0000 - 0x00007ffa4494a000 	C:\Windows\system32\mswsock.dll
0x00007ffa38010000 - 0x00007ffa38024000 	C:\Program Files\JetBrains\PyCharm 2021.2\jbr\bin\nio.dll
0x00007ffa45420000 - 0x00007ffa45438000 	C:\Windows\SYSTEM32\CRYPTSP.dll
0x00007ffa44130000 - 0x00007ffa44164000 	C:\Windows\system32\rsaenh.dll
0x00007ffa45d60000 - 0x00007ffa45d87000 	C:\Windows\System32\bcrypt.dll
0x00007ffa45550000 - 0x00007ffa4557e000 	C:\Windows\SYSTEM32\USERENV.dll
0x00007ffa44840000 - 0x00007ffa4484c000 	C:\Windows\SYSTEM32\CRYPTBASE.dll
0x00007ffa44460000 - 0x00007ffa4449b000 	C:\Windows\SYSTEM32\IPHLPAPI.DLL
0x00007ffa460f0000 - 0x00007ffa460f8000 	C:\Windows\System32\NSI.dll
0x00007ffa3cb30000 - 0x00007ffa3cb47000 	C:\Windows\SYSTEM32\dhcpcsvc6.DLL
0x00007ffa3cb10000 - 0x00007ffa3cb2d000 	C:\Windows\SYSTEM32\dhcpcsvc.DLL
0x00007ffa444a0000 - 0x00007ffa4456c000 	C:\Windows\SYSTEM32\DNSAPI.dll
0x00007ffa34a00000 - 0x00007ffa34a08000 	C:\Program Files\JetBrains\PyCharm 2021.2\jbr\bin\rmi.dll
0x0000000067740000 - 0x0000000067818000 	C:\Users\den41\AppData\Local\Temp\sqlite-3.34.0-38cd4d42-adbb-4723-a89a-85dc5e3a43b3-sqlitejdbc.dll

dbghelp: loaded successfully - version: 4.0.5 - missing functions: none
symbol engine: initialized successfully - sym options: 0x614 - pdb path: .;C:\Program Files\JetBrains\PyCharm 2021.2\jbr\bin;C:\Windows\SYSTEM32;C:\Windows\WinSxS\amd64_microsoft.windows.common-controls_6595b64144ccf1df_6.0.19041.1110_none_60b5254171f9507e;C:\Program Files\JetBrains\PyCharm 2021.2\jbr\bin\server;C:\Users\den41\AppData\Local\Temp

VM Arguments:
jvm_args: -Djava.rmi.server.hostname=127.0.0.1 -Duser.timezone=UTC -Xmx2031m -Xms128m -Dfile.encoding=UTF-8 
java_command: com.intellij.database.remote.RemoteJdbcServer org.sqlite.JDBC
java_class_path (initial): C:\Program Files\JetBrains\PyCharm 2021.2\lib\util.jar;C:\Program Files\JetBrains\PyCharm 2021.2\lib\groovy-2.5.14.jar;C:\Program Files\JetBrains\PyCharm 2021.2\plugins\DatabaseTools\lib\jdbc-console.jar;C:\Users\den41\AppData\Roaming\JetBrains\PyCharm2021.2\jdbc-drivers\Xerial SQLiteJDBC\3.34.0\sqlite-jdbc-3.34.0.jar
Launcher Type: SUN_STANDARD

[Global flags]
     intx CICompilerCount                          = 12                                        {product} {ergonomic}
     uint ConcGCThreads                            = 3                                         {product} {ergonomic}
     uint G1ConcRefinementThreads                  = 13                                        {product} {ergonomic}
   size_t G1HeapRegionSize                         = 1048576                                   {product} {ergonomic}
    uintx GCDrainStackTargetSize                   = 64                                        {product} {ergonomic}
   size_t InitialHeapSize                          = 134217728                                 {product} {command line}
   size_t MarkStackSize                            = 4194304                                   {product} {ergonomic}
   size_t MaxHeapSize                              = 2130706432                                {product} {command line, ergonomic}
   size_t MaxNewSize                               = 1278214144                                {product} {ergonomic}
   size_t MinHeapDeltaBytes                        = 1048576                                   {product} {ergonomic}
    uintx NonNMethodCodeHeapSize                   = 7594288                                {pd product} {ergonomic}
    uintx NonProfiledCodeHeapSize                  = 122031976                              {pd product} {ergonomic}
    uintx ProfiledCodeHeapSize                     = 122031976                              {pd product} {ergonomic}
    uintx ReservedCodeCacheSize                    = 251658240                              {pd product} {ergonomic}
     bool SegmentedCodeCache                       = true                                      {product} {ergonomic}
     bool UseCompressedClassPointers               = true                                 {lp64_product} {ergonomic}
     bool UseCompressedOops                        = true                                 {lp64_product} {ergonomic}
     bool UseG1GC                                  = true                                      {product} {ergonomic}
     bool UseLargePagesIndividualAllocation        = false                                  {pd product} {ergonomic}

Logging:
Log output configuration:
 #0: stdout all=warning uptime,level,tags
 #1: stderr all=off uptime,level,tags

Environment Variables:
PATH=C:\Windows\system32;C:\Windows;C:\Windows\System32\Wbem;C:\Windows\System32\WindowsPowerShell\v1.0\;C:\Windows\System32\OpenSSH\;C:\Program Files\PostgreSQL\13\bin;C:\Users\den41\AppData\Local\Microsoft\WindowsApps;;C:\Program Files\JetBrains\PyCharm 2021.2\bin;
USERNAME=den41
OS=Windows_NT
PROCESSOR_IDENTIFIER=AMD64 Family 23 Model 96 Stepping 1, AuthenticAMD



---------------  S Y S T E M  ---------------

OS: Windows 10 , 64 bit Build 19041 (10.0.19041.1023)
OS uptime: 3 days 0:10 hours

CPU:total 16 (initial active 16) (16 cores per cpu, 2 threads per core) family 23 model 96 stepping 1 microcode 0x0, cmov, cx8, fxsr, mmx, sse, sse2, sse3, ssse3, sse4.1, sse4.2, popcnt, avx, avx2, aes, clmul, mmxext, 3dnowpref, lzcnt, sse4a, ht, tsc, tscinvbit, tscinv, bmi1, bmi2, adx, 

Memory: 4k page, system-wide physical 16253M (9914M free)
TotalPageFile size 18685M (AvailPageFile size 10289M)
current process WorkingSet (physical memory assigned to process): 125M, peak: 176M
current process commit charge ("private bytes"): 236M, peak: 322M

vm_info: OpenJDK 64-Bit Server VM (11.0.11+9-b1504.13) for windows-amd64 JRE (11.0.11+9-b1504.13), built on Jul 18 2021 03:17:44 by "" with MS VC++ 14.0 (VS2015)

END.
